<?xml version="1.0" encoding="UTF-8"?>
<!-- Generated by org.testng.reporters.JUnitReportReporter -->
<testsuite hostname="DESKTOP-MCTCOK5" failures="0" tests="1" name="com.Actitime.TestScripts.Task" time="14.247" errors="0" timestamp="2023-05-10T09:50:54 IST" skipped="0">
  <testcase classname="com.Actitime.TestScripts.Task" name="createCustomer" time="14.247"/>
  <system-out/>
</testsuite> <!-- com.Actitime.TestScripts.Task -->
